[0408/150243.474:ERROR:process_reader_win.cc(233)] ReadMemory at 0x76eb0000 of 64 bytes failed: Only part of a ReadProcessMemory or WriteProcessMemory request was completed. (0x12B)
[0408/150243.495:WARNING:pe_image_reader.cc(281)] could not read dos header from C:\WINDOWS\SYSTEM32\ntdll.dll
[0408/150243.495:ERROR:process_reader_win.cc(233)] ReadMemory at 0x76ce0000 of 64 bytes failed: Only part of a ReadProcessMemory or WriteProcessMemory request was completed. (0x12B)
[0408/150243.496:WARNING:pe_image_reader.cc(281)] could not read dos header from C:\WINDOWS\SYSTEM32\KERNELBASE.dll
[0408/150243.496:ERROR:process_reader_win.cc(233)] ReadMemory at 0x756b0000 of 64 bytes failed: Only part of a ReadProcessMemory or WriteProcessMemory request was completed. (0x12B)
[0408/150243.498:WARNING:pe_image_reader.cc(281)] could not read dos header from C:\WINDOWS\SYSTEM32\KERNEL32.DLL
[0408/150243.543:ERROR:process_reader_win.cc(233)] ReadMemory at 0x76eb0000 of 64 bytes failed: Only part of a ReadProcessMemory or WriteProcessMemory request was completed. (0x12B)
[0408/150243.544:WARNING:pe_image_reader.cc(281)] could not read dos header from C:\WINDOWS\SYSTEM32\ntdll.dll
[0408/150243.544:ERROR:process_reader_win.cc(233)] ReadMemory at 0x76ce0000 of 64 bytes failed: Only part of a ReadProcessMemory or WriteProcessMemory request was completed. (0x12B)
[0408/150243.545:WARNING:pe_image_reader.cc(281)] could not read dos header from C:\WINDOWS\SYSTEM32\KERNELBASE.dll
[0408/150243.545:ERROR:process_reader_win.cc(233)] ReadMemory at 0x756b0000 of 64 bytes failed: Only part of a ReadProcessMemory or WriteProcessMemory request was completed. (0x12B)
[0408/150243.546:WARNING:pe_image_reader.cc(281)] could not read dos header from C:\WINDOWS\SYSTEM32\KERNEL32.DLL
[0408/150243.553:ERROR:process_reader_win.cc(233)] ReadMemory at 0x76eb0000 of 64 bytes failed: Only part of a ReadProcessMemory or WriteProcessMemory request was completed. (0x12B)
[0408/150243.554:WARNING:pe_image_reader.cc(281)] could not read dos header from C:\WINDOWS\SYSTEM32\ntdll.dll
[0408/150243.554:ERROR:process_reader_win.cc(233)] ReadMemory at 0x76ce0000 of 64 bytes failed: Only part of a ReadProcessMemory or WriteProcessMemory request was completed. (0x12B)
[0408/150243.554:WARNING:pe_image_reader.cc(281)] could not read dos header from C:\WINDOWS\SYSTEM32\KERNELBASE.dll
[0408/150243.554:ERROR:process_reader_win.cc(233)] ReadMemory at 0x756b0000 of 64 bytes failed: Only part of a ReadProcessMemory or WriteProcessMemory request was completed. (0x12B)
[0408/150243.555:WARNING:pe_image_reader.cc(281)] could not read dos header from C:\WINDOWS\SYSTEM32\KERNEL32.DLL
[0408/150243.584:ERROR:process_reader_win.cc(233)] ReadMemory at 0x76eb0000 of 64 bytes failed: Only part of a ReadProcessMemory or WriteProcessMemory request was completed. (0x12B)
[0408/150243.584:WARNING:pe_image_reader.cc(281)] could not read dos header from C:\WINDOWS\SYSTEM32\ntdll.dll
[0408/150243.584:ERROR:process_reader_win.cc(233)] ReadMemory at 0x76ce0000 of 64 bytes failed: Only part of a ReadProcessMemory or WriteProcessMemory request was completed. (0x12B)
[0408/150243.585:WARNING:pe_image_reader.cc(281)] could not read dos header from C:\WINDOWS\SYSTEM32\KERNELBASE.dll
[0408/150243.585:ERROR:process_reader_win.cc(233)] ReadMemory at 0x756b0000 of 64 bytes failed: Only part of a ReadProcessMemory or WriteProcessMemory request was completed. (0x12B)
[0408/150243.586:WARNING:pe_image_reader.cc(281)] could not read dos header from C:\WINDOWS\SYSTEM32\KERNEL32.DLL
[0408/150243.687:ERROR:process_reader_win.cc(233)] ReadMemory at 0x76eb0000 of 64 bytes failed: Only part of a ReadProcessMemory or WriteProcessMemory request was completed. (0x12B)
[0408/150243.688:WARNING:pe_image_reader.cc(281)] could not read dos header from C:\WINDOWS\SYSTEM32\ntdll.dll
[0408/150243.688:ERROR:process_reader_win.cc(233)] ReadMemory at 0x76ce0000 of 64 bytes failed: Only part of a ReadProcessMemory or WriteProcessMemory request was completed. (0x12B)
[0408/150243.689:WARNING:pe_image_reader.cc(281)] could not read dos header from C:\WINDOWS\SYSTEM32\KERNELBASE.dll
[0408/150243.689:ERROR:process_reader_win.cc(233)] ReadMemory at 0x756b0000 of 64 bytes failed: Only part of a ReadProcessMemory or WriteProcessMemory request was completed. (0x12B)
[0408/150243.690:WARNING:pe_image_reader.cc(281)] could not read dos header from C:\WINDOWS\SYSTEM32\KERNEL32.DLL
[0408/150243.697:ERROR:process_reader_win.cc(233)] ReadMemory at 0x76eb0000 of 64 bytes failed: Only part of a ReadProcessMemory or WriteProcessMemory request was completed. (0x12B)
[0408/150243.698:WARNING:pe_image_reader.cc(281)] could not read dos header from C:\WINDOWS\SYSTEM32\ntdll.dll
[0408/150243.698:ERROR:process_reader_win.cc(233)] ReadMemory at 0x76ce0000 of 64 bytes failed: Only part of a ReadProcessMemory or WriteProcessMemory request was completed. (0x12B)
[0408/150243.699:WARNING:pe_image_reader.cc(281)] could not read dos header from C:\WINDOWS\SYSTEM32\KERNELBASE.dll
[0408/150243.699:ERROR:process_reader_win.cc(233)] ReadMemory at 0x756b0000 of 64 bytes failed: Only part of a ReadProcessMemory or WriteProcessMemory request was completed. (0x12B)
[0408/150243.701:WARNING:pe_image_reader.cc(281)] could not read dos header from C:\WINDOWS\SYSTEM32\KERNEL32.DLL
[0408/150244.063:ERROR:process_reader_win.cc(233)] ReadMemory at 0x532e000 of 73728 bytes failed: Only part of a ReadProcessMemory or WriteProcessMemory request was completed. (0x12B)
[0408/150244.065:ERROR:crash_report_exception_handler.cc(111)] WriteEverything failed
[0408/150244.156:ERROR:scoped_process_suspend.cc(38)] NtResumeProcess: An attempt was made to access an exiting process.  (0xc000010a)
[0408/150834.196:ERROR:process_reader_win.cc(233)] ReadMemory at 0x76eb0000 of 64 bytes failed: Only part of a ReadProcessMemory or WriteProcessMemory request was completed. (0x12B)
[0408/150834.197:WARNING:pe_image_reader.cc(281)] could not read dos header from C:\WINDOWS\SYSTEM32\ntdll.dll
[0408/150834.197:ERROR:process_reader_win.cc(233)] ReadMemory at 0x76ce0000 of 64 bytes failed: Only part of a ReadProcessMemory or WriteProcessMemory request was completed. (0x12B)
[0408/150834.198:WARNING:pe_image_reader.cc(281)] could not read dos header from C:\WINDOWS\SYSTEM32\KERNELBASE.dll
[0408/150834.198:ERROR:process_reader_win.cc(233)] ReadMemory at 0x756b0000 of 64 bytes failed: Only part of a ReadProcessMemory or WriteProcessMemory request was completed. (0x12B)
[0408/150834.198:WARNING:pe_image_reader.cc(281)] could not read dos header from C:\WINDOWS\SYSTEM32\KERNEL32.DLL
[0408/150834.202:ERROR:process_reader_win.cc(233)] ReadMemory at 0x76eb0000 of 64 bytes failed: Only part of a ReadProcessMemory or WriteProcessMemory request was completed. (0x12B)
[0408/150834.203:WARNING:pe_image_reader.cc(281)] could not read dos header from C:\WINDOWS\SYSTEM32\ntdll.dll
[0408/150834.203:ERROR:process_reader_win.cc(233)] ReadMemory at 0x76ce0000 of 64 bytes failed: Only part of a ReadProcessMemory or WriteProcessMemory request was completed. (0x12B)
[0408/150834.203:WARNING:pe_image_reader.cc(281)] could not read dos header from C:\WINDOWS\SYSTEM32\KERNELBASE.dll
[0408/150834.203:ERROR:process_reader_win.cc(233)] ReadMemory at 0x756b0000 of 64 bytes failed: Only part of a ReadProcessMemory or WriteProcessMemory request was completed. (0x12B)
[0408/150834.204:WARNING:pe_image_reader.cc(281)] could not read dos header from C:\WINDOWS\SYSTEM32\KERNEL32.DLL
[0408/150834.210:ERROR:process_reader_win.cc(233)] ReadMemory at 0x76eb0000 of 64 bytes failed: Only part of a ReadProcessMemory or WriteProcessMemory request was completed. (0x12B)
[0408/150834.211:WARNING:pe_image_reader.cc(281)] could not read dos header from C:\WINDOWS\SYSTEM32\ntdll.dll
[0408/150834.211:ERROR:process_reader_win.cc(233)] ReadMemory at 0x76ce0000 of 64 bytes failed: Only part of a ReadProcessMemory or WriteProcessMemory request was completed. (0x12B)
[0408/150834.211:WARNING:pe_image_reader.cc(281)] could not read dos header from C:\WINDOWS\SYSTEM32\KERNELBASE.dll
[0408/150834.212:ERROR:process_reader_win.cc(233)] ReadMemory at 0x756b0000 of 64 bytes failed: Only part of a ReadProcessMemory or WriteProcessMemory request was completed. (0x12B)
[0408/150834.212:WARNING:pe_image_reader.cc(281)] could not read dos header from C:\WINDOWS\SYSTEM32\KERNEL32.DLL
[0408/150834.219:ERROR:process_reader_win.cc(233)] ReadMemory at 0x76eb0000 of 64 bytes failed: Only part of a ReadProcessMemory or WriteProcessMemory request was completed. (0x12B)
[0408/150834.220:WARNING:pe_image_reader.cc(281)] could not read dos header from C:\WINDOWS\SYSTEM32\ntdll.dll
[0408/150834.220:ERROR:process_reader_win.cc(233)] ReadMemory at 0x76ce0000 of 64 bytes failed: Only part of a ReadProcessMemory or WriteProcessMemory request was completed. (0x12B)
[0408/150834.221:WARNING:pe_image_reader.cc(281)] could not read dos header from C:\WINDOWS\SYSTEM32\KERNELBASE.dll
[0408/150834.221:ERROR:process_reader_win.cc(233)] ReadMemory at 0x756b0000 of 64 bytes failed: Only part of a ReadProcessMemory or WriteProcessMemory request was completed. (0x12B)
[0408/150834.221:WARNING:pe_image_reader.cc(281)] could not read dos header from C:\WINDOWS\SYSTEM32\KERNEL32.DLL
[0408/150834.228:ERROR:process_reader_win.cc(233)] ReadMemory at 0x76eb0000 of 64 bytes failed: Only part of a ReadProcessMemory or WriteProcessMemory request was completed. (0x12B)
[0408/150834.229:WARNING:pe_image_reader.cc(281)] could not read dos header from C:\WINDOWS\SYSTEM32\ntdll.dll
[0408/150834.229:ERROR:process_reader_win.cc(233)] ReadMemory at 0x76ce0000 of 64 bytes failed: Only part of a ReadProcessMemory or WriteProcessMemory request was completed. (0x12B)
[0408/150834.230:WARNING:pe_image_reader.cc(281)] could not read dos header from C:\WINDOWS\SYSTEM32\KERNELBASE.dll
[0408/150834.230:ERROR:process_reader_win.cc(233)] ReadMemory at 0x756b0000 of 64 bytes failed: Only part of a ReadProcessMemory or WriteProcessMemory request was completed. (0x12B)
[0408/150834.230:WARNING:pe_image_reader.cc(281)] could not read dos header from C:\WINDOWS\SYSTEM32\KERNEL32.DLL
[0408/150834.236:ERROR:process_reader_win.cc(233)] ReadMemory at 0x76eb0000 of 64 bytes failed: Only part of a ReadProcessMemory or WriteProcessMemory request was completed. (0x12B)
[0408/150834.236:WARNING:pe_image_reader.cc(281)] could not read dos header from C:\WINDOWS\SYSTEM32\ntdll.dll
[0408/150834.237:ERROR:process_reader_win.cc(233)] ReadMemory at 0x76ce0000 of 64 bytes failed: Only part of a ReadProcessMemory or WriteProcessMemory request was completed. (0x12B)
[0408/150834.237:WARNING:pe_image_reader.cc(281)] could not read dos header from C:\WINDOWS\SYSTEM32\KERNELBASE.dll
[0408/150834.237:ERROR:process_reader_win.cc(233)] ReadMemory at 0x756b0000 of 64 bytes failed: Only part of a ReadProcessMemory or WriteProcessMemory request was completed. (0x12B)
[0408/150834.238:WARNING:pe_image_reader.cc(281)] could not read dos header from C:\WINDOWS\SYSTEM32\KERNEL32.DLL
[0408/233924.506:ERROR:process_reader_win.cc(233)] ReadMemory at 0x76eb0000 of 64 bytes failed: Only part of a ReadProcessMemory or WriteProcessMemory request was completed. (0x12B)
[0408/233924.543:WARNING:pe_image_reader.cc(281)] could not read dos header from C:\WINDOWS\SYSTEM32\ntdll.dll
[0408/233924.543:ERROR:process_reader_win.cc(233)] ReadMemory at 0x76ce0000 of 64 bytes failed: Only part of a ReadProcessMemory or WriteProcessMemory request was completed. (0x12B)
[0408/233924.544:WARNING:pe_image_reader.cc(281)] could not read dos header from C:\WINDOWS\SYSTEM32\KERNELBASE.dll
[0408/233924.544:ERROR:process_reader_win.cc(233)] ReadMemory at 0x756b0000 of 64 bytes failed: Only part of a ReadProcessMemory or WriteProcessMemory request was completed. (0x12B)
[0408/233924.545:WARNING:pe_image_reader.cc(281)] could not read dos header from C:\WINDOWS\SYSTEM32\KERNEL32.DLL
[0408/233924.580:ERROR:process_reader_win.cc(233)] ReadMemory at 0x76eb0000 of 64 bytes failed: Only part of a ReadProcessMemory or WriteProcessMemory request was completed. (0x12B)
[0408/233924.581:WARNING:pe_image_reader.cc(281)] could not read dos header from C:\WINDOWS\SYSTEM32\ntdll.dll
[0408/233924.581:ERROR:process_reader_win.cc(233)] ReadMemory at 0x76ce0000 of 64 bytes failed: Only part of a ReadProcessMemory or WriteProcessMemory request was completed. (0x12B)
[0408/233924.582:WARNING:pe_image_reader.cc(281)] could not read dos header from C:\WINDOWS\SYSTEM32\KERNELBASE.dll
[0408/233924.582:ERROR:process_reader_win.cc(233)] ReadMemory at 0x756b0000 of 64 bytes failed: Only part of a ReadProcessMemory or WriteProcessMemory request was completed. (0x12B)
[0408/233924.582:WARNING:pe_image_reader.cc(281)] could not read dos header from C:\WINDOWS\SYSTEM32\KERNEL32.DLL
[0408/233924.603:ERROR:process_reader_win.cc(233)] ReadMemory at 0x76eb0000 of 64 bytes failed: Only part of a ReadProcessMemory or WriteProcessMemory request was completed. (0x12B)
[0408/233924.603:WARNING:pe_image_reader.cc(281)] could not read dos header from C:\WINDOWS\SYSTEM32\ntdll.dll
[0408/233924.603:ERROR:process_reader_win.cc(233)] ReadMemory at 0x76ce0000 of 64 bytes failed: Only part of a ReadProcessMemory or WriteProcessMemory request was completed. (0x12B)
[0408/233924.604:WARNING:pe_image_reader.cc(281)] could not read dos header from C:\WINDOWS\SYSTEM32\KERNELBASE.dll
[0408/233924.604:ERROR:process_reader_win.cc(233)] ReadMemory at 0x756b0000 of 64 bytes failed: Only part of a ReadProcessMemory or WriteProcessMemory request was completed. (0x12B)
[0408/233924.605:WARNING:pe_image_reader.cc(281)] could not read dos header from C:\WINDOWS\SYSTEM32\KERNEL32.DLL
[0408/233924.964:ERROR:process_reader_win.cc(233)] ReadMemory at 0x76eb0000 of 64 bytes failed: Only part of a ReadProcessMemory or WriteProcessMemory request was completed. (0x12B)
[0408/233924.965:WARNING:pe_image_reader.cc(281)] could not read dos header from C:\WINDOWS\SYSTEM32\ntdll.dll
[0408/233924.965:ERROR:process_reader_win.cc(233)] ReadMemory at 0x76ce0000 of 64 bytes failed: Only part of a ReadProcessMemory or WriteProcessMemory request was completed. (0x12B)
[0408/233924.966:WARNING:pe_image_reader.cc(281)] could not read dos header from C:\WINDOWS\SYSTEM32\KERNELBASE.dll
[0408/233924.966:ERROR:process_reader_win.cc(233)] ReadMemory at 0x756b0000 of 64 bytes failed: Only part of a ReadProcessMemory or WriteProcessMemory request was completed. (0x12B)
[0408/233924.968:WARNING:pe_image_reader.cc(281)] could not read dos header from C:\WINDOWS\SYSTEM32\KERNEL32.DLL
[0408/233924.990:ERROR:process_reader_win.cc(233)] ReadMemory at 0x76eb0000 of 64 bytes failed: Only part of a ReadProcessMemory or WriteProcessMemory request was completed. (0x12B)
[0408/233924.991:WARNING:pe_image_reader.cc(281)] could not read dos header from C:\WINDOWS\SYSTEM32\ntdll.dll
[0408/233924.991:ERROR:process_reader_win.cc(233)] ReadMemory at 0x76ce0000 of 64 bytes failed: Only part of a ReadProcessMemory or WriteProcessMemory request was completed. (0x12B)
[0408/233924.991:WARNING:pe_image_reader.cc(281)] could not read dos header from C:\WINDOWS\SYSTEM32\KERNELBASE.dll
[0408/233924.991:ERROR:process_reader_win.cc(233)] ReadMemory at 0x756b0000 of 64 bytes failed: Only part of a ReadProcessMemory or WriteProcessMemory request was completed. (0x12B)
[0408/233924.992:WARNING:pe_image_reader.cc(281)] could not read dos header from C:\WINDOWS\SYSTEM32\KERNEL32.DLL
[0408/233924.999:ERROR:process_reader_win.cc(233)] ReadMemory at 0x76eb0000 of 64 bytes failed: Only part of a ReadProcessMemory or WriteProcessMemory request was completed. (0x12B)
[0408/233925.000:WARNING:pe_image_reader.cc(281)] could not read dos header from C:\WINDOWS\SYSTEM32\ntdll.dll
[0408/233925.000:ERROR:process_reader_win.cc(233)] ReadMemory at 0x76ce0000 of 64 bytes failed: Only part of a ReadProcessMemory or WriteProcessMemory request was completed. (0x12B)
[0408/233925.001:WARNING:pe_image_reader.cc(281)] could not read dos header from C:\WINDOWS\SYSTEM32\KERNELBASE.dll
[0408/233925.001:ERROR:process_reader_win.cc(233)] ReadMemory at 0x756b0000 of 64 bytes failed: Only part of a ReadProcessMemory or WriteProcessMemory request was completed. (0x12B)
[0408/233925.002:WARNING:pe_image_reader.cc(281)] could not read dos header from C:\WINDOWS\SYSTEM32\KERNEL32.DLL
